d:\github\calculator\mycalculator\clidll\debug\clidll.pch
d:\github\calculator\mycalculator\clidll\debug\vc142.pdb
d:\github\calculator\mycalculator\clidll\debug\pch.obj
d:\github\calculator\mycalculator\clidll\debug\clidll.obj
d:\github\calculator\mycalculator\clidll\debug\assemblyinfo.obj
d:\github\calculator\mycalculator\clidll\debug\.netframework,version=v4.7.2.assemblyattributes.obj
d:\github\calculator\mycalculator\clidll\debug\.netframework,version=v4.7.2.assemblyattributes.asm
d:\github\calculator\mycalculator\clidll\debug\app.res
d:\github\calculator\mycalculator\clidll\debug\clidll.vcxprojassemblyreference.cache
d:\github\calculator\mycalculator\clidll\debug\clidll.tlog\cl.command.1.tlog
d:\github\calculator\mycalculator\clidll\debug\clidll.tlog\cl.read.1.tlog
d:\github\calculator\mycalculator\clidll\debug\clidll.tlog\cl.write.1.tlog
d:\github\calculator\mycalculator\clidll\debug\clidll.tlog\link.21884.read.1.tlog
d:\github\calculator\mycalculator\clidll\debug\clidll.tlog\link.21884.write.1.tlog
d:\github\calculator\mycalculator\clidll\debug\clidll.tlog\link.command.1.tlog
d:\github\calculator\mycalculator\clidll\debug\clidll.tlog\link.read.1.tlog
d:\github\calculator\mycalculator\clidll\debug\clidll.tlog\link.write.1.tlog
d:\github\calculator\mycalculator\clidll\debug\clidll.tlog\metagen.read.1.tlog
d:\github\calculator\mycalculator\clidll\debug\clidll.tlog\metagen.write.1.tlog
d:\github\calculator\mycalculator\clidll\debug\clidll.tlog\rc.command.1.tlog
d:\github\calculator\mycalculator\clidll\debug\clidll.tlog\rc.read.1.tlog
d:\github\calculator\mycalculator\clidll\debug\clidll.tlog\rc.write.1.tlog
